<?xml version="1.0" encoding="UTF-8"?>
<testng-results ignored="0" total="3" passed="3" failed="0" skipped="0">
  <reporter-output>
  </reporter-output>
  <suite started-at="2023-03-09T23:12:50 IST" name="Suite" finished-at="2023-03-09T23:13:01 IST" duration-ms="10614">
    <groups>
    </groups>
    <test started-at="2023-03-09T23:12:50 IST" name="Test" finished-at="2023-03-09T23:13:01 IST" duration-ms="10614">
      <class name="userlogin.AppTest">
        <test-method signature="check1()[pri:0, instance:userlogin.AppTest@3541cb24]" started-at="2023-03-09T23:12:50 IST" name="check1" finished-at="2023-03-09T23:12:50 IST" duration-ms="26" status="PASS">
          <reporter-output>
          </reporter-output>
        </test-method> <!-- check1 -->
        <test-method signature="check2()[pri:0, instance:userlogin.AppTest@3541cb24]" started-at="2023-03-09T23:12:50 IST" name="check2" finished-at="2023-03-09T23:12:50 IST" duration-ms="0" status="PASS">
          <reporter-output>
          </reporter-output>
        </test-method> <!-- check2 -->
      </class> <!-- userlogin.AppTest -->
      <class name="userlogin.SL_Test">
        <test-method signature="loginTest()[pri:0, instance:userlogin.SL_Test@2177849e]" started-at="2023-03-09T23:12:50 IST" name="loginTest" finished-at="2023-03-09T23:13:01 IST" duration-ms="10528" status="PASS">
          <reporter-output>
          </reporter-output>
        </test-method> <!-- loginTest -->
      </class> <!-- userlogin.SL_Test -->
    </test> <!-- Test -->
  </suite> <!-- Suite -->
</testng-results>
