<?xml version="1.0" encoding="UTF-8"?>
<testng-results skipped="0" failed="0" total="1" passed="1">
  <reporter-output>
  </reporter-output>
  <suite name="Default suite" duration-ms="9570" started-at="2023-03-09T17:05:56Z" finished-at="2023-03-09T17:06:05Z">
    <groups>
    </groups>
    <test name="Default test" duration-ms="9570" started-at="2023-03-09T17:05:56Z" finished-at="2023-03-09T17:06:05Z">
      <class name="userlogin.SL_Test">
        <test-method status="PASS" signature="loginTest()[pri:0, instance:userlogin.SL_Test@6e06451e]" name="loginTest" duration-ms="9539" started-at="2023-03-09T22:35:56Z" finished-at="2023-03-09T22:36:05Z">
          <reporter-output>
          </reporter-output>
        </test-method> <!-- loginTest -->
      </class> <!-- userlogin.SL_Test -->
    </test> <!-- Default test -->
  </suite> <!-- Default suite -->
</testng-results>
